<?xml version='1.0'?>
<ns2:test-suite xmlns:ns2='urn:model.allure.qatools.yandex.ru' start='1647623666805' stop='1647623714729'>
    <name>test suite</name>
    <title>test suite</title>
    <test-cases>
        <test-case start='1647623666806' status='broken' stop='1647623714725'>
            <name>Form Management Audit Data - Edit</name>
            <title>Form Management Audit Data - Edit</title>
            <labels>
                <label name='language' value='javascript'/>
                <label name='framework' value='wdio'/>
                <label name='thread' value='0-0'/>
                <label name='language' value='javascript'/>
                <label name='framework' value='wdio'/>
                <label name='thread' value='0-0'/>
            </labels>
            <parameters>
                <parameter kind='argument' name='browser' value='chrome-99.0.4844.74'/>
                <parameter kind='argument' name='browser' value='chrome-99.0.4844.74'/>
            </parameters>
            <steps>
                <step start='1647623669927' status='passed' stop='1647623669927'>
                    <name>able to enter Paramjeet into the field User Name</name>
                    <title>able to enter Paramjeet into the field User Name</title>
                    <attachments/>
                    <steps/>
                </step>
                <step start='1647623670063' status='passed' stop='1647623670063'>
                    <name>able to enter Bio123@@ into the field Password</name>
                    <title>able to enter Bio123@@ into the field Password</title>
                    <attachments/>
                    <steps/>
                </step>
                <step start='1647623672243' status='passed' stop='1647623672243'>
                    <name>able to click Log in</name>
                    <title>able to click Log in</title>
                    <attachments/>
                    <steps/>
                </step>
                <step start='1647623682793' status='passed' stop='1647623682793'>
                    <name>able to click Account Link</name>
                    <title>able to click Account Link</title>
                    <attachments/>
                    <steps/>
                </step>
                <step start='1647623682960' status='passed' stop='1647623682960'>
                    <name>able to click Administration</name>
                    <title>able to click Administration</title>
                    <attachments/>
                    <steps/>
                </step>
                <step start='1647623698580' status='passed' stop='1647623698580'>
                    <name>able to click Form from left navigation</name>
                    <title>able to click Form from left navigation</title>
                    <attachments/>
                    <steps/>
                </step>
                <step start='1647623699405' status='passed' stop='1647623699405'>
                    <name>able to enter Test Automation Form into the field Search form name</name>
                    <title>able to enter Test Automation Form into the field Search form name</title>
                    <attachments/>
                    <steps/>
                </step>
                <step start='1647623714719' status='failed' stop='1647623714719'>
                    <name>unable to click Matched form as the element not displayed</name>
                    <title>unable to click Matched form as the element not displayed</title>
                    <attachments/>
                    <steps/>
                </step>
            </steps>
            <attachments/>
            <failure>
                <message>unable to click Matched form</message>
                <stack-trace>AssertionError: unable to click Matched form
                    at actions.click (C:\Users\paramjeet.gujral\Documents\WDIO-Automation Framework\actions\actions.js:52:26)
                    at async AdministrationPage.updateForm (C:\Users\paramjeet.gujral\Documents\WDIO-Automation Framework\test\pageobjects\adminstration.page.js:88:9)
                    at async Context.&lt;anonymous> (C:\Users\paramjeet.gujral\Documents\WDIO-Automation Framework\test\specs\test suite.js:31:9)</stack-trace>
            </failure>
        </test-case>
    </test-cases>
</ns2:test-suite>