<?xml version='1.0'?>
<ns2:test-suite xmlns:ns2='urn:model.allure.qatools.yandex.ru' start='1647626851033' stop='1647626871175'>
    <name>test suite</name>
    <title>test suite</title>
    <test-cases>
        <test-case start='1647626851033' status='broken' stop='1647626871174'>
            <name>Create Biomaterial from multiple locations</name>
            <title>Create Biomaterial from multiple locations</title>
            <labels>
                <label name='language' value='javascript'/>
                <label name='framework' value='wdio'/>
                <label name='thread' value='0-0'/>
                <label name='language' value='javascript'/>
                <label name='framework' value='wdio'/>
                <label name='thread' value='0-0'/>
            </labels>
            <parameters>
                <parameter kind='argument' name='browser' value='chrome-99.0.4844.74'/>
                <parameter kind='argument' name='browser' value='chrome-99.0.4844.74'/>
            </parameters>
            <steps>
                <step start='1647626853773' status='passed' stop='1647626853773'>
                    <name>able to enter Paramjeet into the field User Name</name>
                    <title>able to enter Paramjeet into the field User Name</title>
                    <attachments/>
                    <steps/>
                </step>
                <step start='1647626855876' status='passed' stop='1647626855876'>
                    <name>able to enter Bio123@@ into the field Password</name>
                    <title>able to enter Bio123@@ into the field Password</title>
                    <attachments/>
                    <steps/>
                </step>
                <step start='1647626859637' status='passed' stop='1647626859637'>
                    <name>able to click Log in</name>
                    <title>able to click Log in</title>
                    <attachments/>
                    <steps/>
                </step>
                <step start='1647626866825' status='passed' stop='1647626866825'>
                    <name>able to click Data Entry</name>
                    <title>able to click Data Entry</title>
                    <attachments/>
                    <steps/>
                </step>
                <step start='1647626869028' status='passed' stop='1647626869028'>
                    <name>able to click BioMaterial</name>
                    <title>able to click BioMaterial</title>
                    <attachments/>
                    <steps/>
                </step>
                <step start='1647626871173' status='failed' stop='1647626871173'>
                    <name>unable to enter Test Automation into the field Study for Creating Biomaterial</name>
                    <title>unable to enter Test Automation into the field Study for Creating Biomaterial</title>
                    <attachments/>
                    <steps/>
                </step>
            </steps>
            <attachments/>
            <failure>
                <message>unable to enter Study for Creating Biomaterial</message>
                <stack-trace>AssertionError: unable to enter Study for Creating Biomaterial
                    at actions.sendKeys (C:\Users\paramjeet.gujral\Documents\WDIO-Automation Framework\actions\actions.js:79:20)
                    at processTicksAndRejections (node:internal/process/task_queues:94:5)
                    at async HomePage.navigateToCreateBiomaterialFromDataEntry (C:\Users\paramjeet.gujral\Documents\WDIO-Automation Framework\test\pageobjects\home.page.js:50:9)
                    at async Context.&lt;anonymous> (C:\Users\paramjeet.gujral\Documents\WDIO-Automation Framework\test\specs\test suite.js:40:9)</stack-trace>
            </failure>
        </test-case>
    </test-cases>
</ns2:test-suite>